<?xml version="1.0" encoding="UTF-8"?>
<!-- Generated by org.testng.reporters.JUnitXMLReporter -->
<testsuite ignored="0" hostname="Guru" failures="0" tests="5" name="Default test" time="11.339" errors="0" timestamp="2021-04-30T01:34:02 IST">
  <testcase classname="TestCases.TestSortFilter" name="testFilterWithValidInput" time="0.443"/>
  <testcase classname="TestCases.TestSortFilter" name="testFilterWithInvalidInput" time="0.249"/>
  <testcase classname="TestCases.TestSortFilter" name="testAvgImpactScoreSort" time="1.529"/>
  <testcase classname="TestCases.TestSortFilter" name="testComplexitySort" time="1.597"/>
  <testcase classname="TestCases.TestSortFilter" name="testFilterandSorting" time="0.586"/>
</testsuite> <!-- Default test -->
