<?xml version="1.0" encoding="UTF-8"?>
<!-- Generated by org.testng.reporters.JUnitXMLReporter -->
<testsuite ignored="0" hostname="Guru" failures="0" tests="7" name="Test" time="13.236" errors="0" timestamp="2021-04-30T04:40:43 IST">
  <testcase classname="TestCases.TestSortFilter" name="verifyVisibiltyofSorting" time="0.09"/>
  <testcase classname="TestCases.TestSortFilter" name="verifyVisibiltyofFilter" time="0.049"/>
  <testcase classname="TestCases.TestSortFilter" name="testFilterWithValidInput" time="0.316"/>
  <testcase classname="TestCases.TestSortFilter" name="testFilterWithInvalidInput" time="0.199"/>
  <testcase classname="TestCases.TestSortFilter" name="testAvgImpactScoreSort" time="1.543"/>
  <testcase classname="TestCases.TestSortFilter" name="testComplexitySort" time="1.799"/>
  <testcase classname="TestCases.TestSortFilter" name="testFilterandSorting" time="0.522"/>
</testsuite> <!-- Test -->
