<?xml version="1.0" encoding="UTF-8"?>
<testng-results ignored="0" total="7" passed="7" failed="0" skipped="0">
  <reporter-output>
  </reporter-output>
  <suite started-at="2021-04-30T04:40:30 IST" name="Suite" finished-at="2021-04-30T04:40:43 IST" duration-ms="13236">
    <groups>
    </groups>
    <test started-at="2021-04-30T04:40:30 IST" name="Test" finished-at="2021-04-30T04:40:43 IST" duration-ms="13236">
      <class name="TestCases.TestSortFilter">
        <test-method is-config="true" signature="setUp()[pri:0, instance:TestCases.TestSortFilter@f09733f]" started-at="2021-04-30T04:40:30 IST" name="setUp" finished-at="2021-04-30T04:40:38 IST" duration-ms="7876" status="PASS">
          <reporter-output>
          </reporter-output>
        </test-method> <!-- setUp -->
        <test-method signature="verifyVisibiltyofSorting()[pri:1, instance:TestCases.TestSortFilter@f09733f]" started-at="2021-04-30T04:40:38 IST" name="verifyVisibiltyofSorting" finished-at="2021-04-30T04:40:38 IST" duration-ms="90" status="PASS">
          <reporter-output>
          </reporter-output>
        </test-method> <!-- verifyVisibiltyofSorting -->
        <test-method signature="verifyVisibiltyofFilter()[pri:2, instance:TestCases.TestSortFilter@f09733f]" started-at="2021-04-30T04:40:38 IST" name="verifyVisibiltyofFilter" finished-at="2021-04-30T04:40:38 IST" duration-ms="49" status="PASS">
          <reporter-output>
          </reporter-output>
        </test-method> <!-- verifyVisibiltyofFilter -->
        <test-method signature="testFilterWithValidInput()[pri:3, instance:TestCases.TestSortFilter@f09733f]" started-at="2021-04-30T04:40:38 IST" name="testFilterWithValidInput" finished-at="2021-04-30T04:40:38 IST" duration-ms="316" status="PASS">
          <reporter-output>
          </reporter-output>
        </test-method> <!-- testFilterWithValidInput -->
        <test-method signature="testFilterWithInvalidInput()[pri:4, instance:TestCases.TestSortFilter@f09733f]" started-at="2021-04-30T04:40:38 IST" name="testFilterWithInvalidInput" finished-at="2021-04-30T04:40:39 IST" duration-ms="199" status="PASS">
          <reporter-output>
          </reporter-output>
        </test-method> <!-- testFilterWithInvalidInput -->
        <test-method signature="testAvgImpactScoreSort()[pri:5, instance:TestCases.TestSortFilter@f09733f]" started-at="2021-04-30T04:40:39 IST" name="testAvgImpactScoreSort" finished-at="2021-04-30T04:40:40 IST" duration-ms="1543" status="PASS">
          <reporter-output>
          </reporter-output>
        </test-method> <!-- testAvgImpactScoreSort -->
        <test-method signature="testComplexitySort()[pri:6, instance:TestCases.TestSortFilter@f09733f]" started-at="2021-04-30T04:40:40 IST" name="testComplexitySort" finished-at="2021-04-30T04:40:42 IST" duration-ms="1799" status="PASS">
          <reporter-output>
          </reporter-output>
        </test-method> <!-- testComplexitySort -->
        <test-method signature="testFilterandSorting()[pri:7, instance:TestCases.TestSortFilter@f09733f]" started-at="2021-04-30T04:40:42 IST" name="testFilterandSorting" finished-at="2021-04-30T04:40:42 IST" duration-ms="522" status="PASS">
          <reporter-output>
          </reporter-output>
        </test-method> <!-- testFilterandSorting -->
        <test-method is-config="true" signature="afterCleanUp()[pri:0, instance:TestCases.TestSortFilter@f09733f]" started-at="2021-04-30T04:40:42 IST" name="afterCleanUp" finished-at="2021-04-30T04:40:43 IST" duration-ms="794" status="PASS">
          <reporter-output>
          </reporter-output>
        </test-method> <!-- afterCleanUp -->
      </class> <!-- TestCases.TestSortFilter -->
    </test> <!-- Test -->
  </suite> <!-- Suite -->
</testng-results>
